<?xml version="1.0" encoding="UTF-8"?>
<!-- Generated by org.testng.reporters.JUnitReportReporter -->
<testsuite hostname="JeshDiv" failures="0" tests="1" name="test.HomePageTest" time="5.467" errors="0" timestamp="2024-12-12T23:01:03 AST" skipped="0">
  <testcase classname="test.HomePageTest" name="verifyhomepagetitle" time="5.467"/>
</testsuite> <!-- test.HomePageTest -->
