<?xml version="1.0" encoding="UTF-8"?>
<!-- Generated by org.testng.reporters.JUnitReportReporter -->
<testsuite hostname="JeshDiv" failures="0" tests="1" name="test.ProductDetailsPageTest" time="27.370" errors="0" timestamp="2024-12-12T23:01:03 AST" skipped="0">
  <testcase classname="test.ProductDetailsPageTest" name="ProductInfo" time="27.370"/>
</testsuite> <!-- test.ProductDetailsPageTest -->
