<?xml version="1.0" encoding="UTF-8"?>
<!-- Generated by org.testng.reporters.JUnitReportReporter -->
<testsuite hostname="JeshDiv" failures="0" tests="1" name="test.SignUpPageTest" time="3.884" errors="0" timestamp="2024-12-12T23:01:03 AST" skipped="0">
  <testcase classname="test.SignUpPageTest" name="signuptest" time="3.884"/>
</testsuite> <!-- test.SignUpPageTest -->
